# JRE version: OpenJDK Runtime Environment (8.0_152-b02) (build 1.8.0_152-release-1024-b02)
# Java VM: OpenJDK 64-Bit Server VM (25.152-b02 mixed mode windows-amd64 compressed oops)
Heap:
 PSYoungGen      total 387072K, used 181910K [0x00000000e0000000, 0x00000000fa500000, 0x0000000100000000)
  eden space 362496K, 43% used [0x00000000e0000000,0x00000000e99a97a8,0x00000000f6200000)
  from space 24576K, 99% used [0x00000000f8580000,0x00000000f9d7c148,0x00000000f9d80000)
  to   space 34304K, 0% used [0x00000000f6200000,0x00000000f6200000,0x00000000f8380000)
 ParOldGen       total 189952K, used 55353K [0x00000000a0000000, 0x00000000ab980000, 0x00000000e0000000)
  object space 189952K, 29% used [0x00000000a0000000,0x00000000a360e700,0x00000000ab980000)
 Metaspace       used 70949K, capacity 73616K, committed 73688K, reserved 1114112K
  class space    used 9285K, capacity 9967K, committed 9984K, reserved 1048576K
GC Heap History (10 events):
Event: 12.691 GC heap before
{Heap before GC invocations=9 (full 2):
 PSYoungGen      total 182784K, used 167936K [0x00000000e0000000, 0x00000000eff00000, 0x0000000100000000)
  eden space 167936K, 100% used [0x00000000e0000000,0x00000000ea400000,0x00000000ea400000)
  from space 14848K, 0% used [0x00000000eb200000,0x00000000eb200000,0x00000000ec080000)
  to   space 14336K, 0% used [0x00000000ea400000,0x00000000ea400000,0x00000000eb200000)
 ParOldGen       total 131584K, used 16645K [0x00000000a0000000, 0x00000000a8080000, 0x00000000e0000000)
  object space 131584K, 12% used [0x00000000a0000000,0x00000000a1041668,0x00000000a8080000)
 Metaspace       used 50244K, capacity 51564K, committed 51928K, reserved 1093632K
  class space    used 6738K, capacity 7126K, committed 7168K, reserved 1048576K
Event: 12.858 GC heap after
Heap after GC invocations=9 (full 2):
 PSYoungGen      total 182272K, used 14315K [0x00000000e0000000, 0x00000000f4c80000, 0x0000000100000000)
  eden space 167936K, 0% used [0x00000000e0000000,0x00000000e0000000,0x00000000ea400000)
  from space 14336K, 99% used [0x00000000ea400000,0x00000000eb1fae10,0x00000000eb200000)
  to   space 17920K, 0% used [0x00000000f3b00000,0x00000000f3b00000,0x00000000f4c80000)
 ParOldGen       total 131584K, used 21295K [0x00000000a0000000, 0x00000000a8080000, 0x00000000e0000000)
  object space 131584K, 16% used [0x00000000a0000000,0x00000000a14cbc40,0x00000000a8080000)
 Metaspace       used 50244K, capacity 51564K, committed 51928K, reserved 1093632K
  class space    used 6738K, capacity 7126K, committed 7168K, reserved 1048576K
}
Event: 15.330 GC heap before
{Heap before GC invocations=10 (full 2):
 PSYoungGen      total 182272K, used 139552K [0x00000000e0000000, 0x00000000f4c80000, 0x0000000100000000)
  eden space 167936K, 74% used [0x00000000e0000000,0x00000000e7a4d280,0x00000000ea400000)
  from space 14336K, 99% used [0x00000000ea400000,0x00000000eb1fae10,0x00000000eb200000)
  to   space 17920K, 0% used [0x00000000f3b00000,0x00000000f3b00000,0x00000000f4c80000)
 ParOldGen       total 131584K, used 21295K [0x00000000a0000000, 0x00000000a8080000, 0x00000000e0000000)
  object space 131584K, 16% used [0x00000000a0000000,0x00000000a14cbc40,0x00000000a8080000)
 Metaspace       used 56995K, capacity 58842K, committed 58968K, reserved 1099776K
  class space    used 7764K, capacity 8233K, committed 8320K, reserved 1048576K
Event: 15.369 GC heap after
Heap after GC invocations=10 (full 2):
 PSYoungGen      total 317952K, used 17913K [0x00000000e0000000, 0x00000000f4f00000, 0x0000000100000000)
  eden space 300032K, 0% used [0x00000000e0000000,0x00000000e0000000,0x00000000f2500000)
  from space 17920K, 99% used [0x00000000f3b00000,0x00000000f4c7e760,0x00000000f4c80000)
  to   space 21504K, 0% used [0x00000000f2500000,0x00000000f2500000,0x00000000f3a00000)
 ParOldGen       total 131584K, used 24585K [0x00000000a0000000, 0x00000000a8080000, 0x00000000e0000000)
  object space 131584K, 18% used [0x00000000a0000000,0x00000000a18024b0,0x00000000a8080000)
 Metaspace       used 56995K, capacity 58842K, committed 58968K, reserved 1099776K
  class space    used 7764K, capacity 8233K, committed 8320K, reserved 1048576K
}
Event: 15.369 GC heap before
{Heap before GC invocations=11 (full 3):
 PSYoungGen      total 317952K, used 17913K [0x00000000e0000000, 0x00000000f4f00000, 0x0000000100000000)
  eden space 300032K, 0% used [0x00000000e0000000,0x00000000e0000000,0x00000000f2500000)
  from space 17920K, 99% used [0x00000000f3b00000,0x00000000f4c7e760,0x00000000f4c80000)
  to   space 21504K, 0% used [0x00000000f2500000,0x00000000f2500000,0x00000000f3a00000)
 ParOldGen       total 131584K, used 24585K [0x00000000a0000000, 0x00000000a8080000, 0x00000000e0000000)
  object space 131584K, 18% used [0x00000000a0000000,0x00000000a18024b0,0x00000000a8080000)
 Metaspace       used 56995K, capacity 58842K, committed 58968K, reserved 1099776K
  class space    used 7764K, capacity 8233K, committed 8320K, reserved 1048576K
Event: 15.959 GC heap after
Heap after GC invocations=11 (full 3):
 PSYoungGen      total 317952K, used 0K [0x00000000e0000000, 0x00000000f4f00000, 0x0000000100000000)
  eden space 300032K, 0% used [0x00000000e0000000,0x00000000e0000000,0x00000000f2500000)
  from space 17920K, 0% used [0x00000000f3b00000,0x00000000f3b00000,0x00000000f4c80000)
  to   space 21504K, 0% used [0x00000000f2500000,0x00000000f2500000,0x00000000f3a00000)
 ParOldGen       total 189952K, used 36751K [0x00000000a0000000, 0x00000000ab980000, 0x00000000e0000000)
  object space 189952K, 19% used [0x00000000a0000000,0x00000000a23e3f18,0x00000000ab980000)
 Metaspace       used 56971K, capacity 58754K, committed 58968K, reserved 1099776K
  class space    used 7757K, capacity 8225K, committed 8320K, reserved 1048576K
}
Event: 29.935 GC heap before
{Heap before GC invocations=12 (full 3):
 PSYoungGen      total 317952K, used 300032K [0x00000000e0000000, 0x00000000f4f00000, 0x0000000100000000)
  eden space 300032K, 100% used [0x00000000e0000000,0x00000000f2500000,0x00000000f2500000)
  from space 17920K, 0% used [0x00000000f3b00000,0x00000000f3b00000,0x00000000f4c80000)
  to   space 21504K, 0% used [0x00000000f2500000,0x00000000f2500000,0x00000000f3a00000)
 ParOldGen       total 189952K, used 36751K [0x00000000a0000000, 0x00000000ab980000, 0x00000000e0000000)
  object space 189952K, 19% used [0x00000000a0000000,0x00000000a23e3f18,0x00000000ab980000)
 Metaspace       used 62411K, capacity 64812K, committed 64984K, reserved 1105920K
  class space    used 8307K, capacity 8909K, committed 8960K, reserved 1048576K
Event: 29.961 GC heap after
Heap after GC invocations=12 (full 3):
 PSYoungGen      total 321536K, used 21481K [0x00000000e0000000, 0x00000000f9d80000, 0x0000000100000000)
  eden space 300032K, 0% used [0x00000000e0000000,0x00000000e0000000,0x00000000f2500000)
  from space 21504K, 99% used [0x00000000f2500000,0x00000000f39fa488,0x00000000f3a00000)
  to   space 24576K, 0% used [0x00000000f8580000,0x00000000f8580000,0x00000000f9d80000)
 ParOldGen       total 189952K, used 37121K [0x00000000a0000000, 0x00000000ab980000, 0x00000000e0000000)
  object space 189952K, 19% used [0x00000000a0000000,0x00000000a2440640,0x00000000ab980000)
 Metaspace       used 62411K, capacity 64812K, committed 64984K, reserved 1105920K
  class space    used 8307K, capacity 8909K, committed 8960K, reserved 1048576K
}
Event: 57.510 GC heap before
{Heap before GC invocations=13 (full 3):
 PSYoungGen      total 321536K, used 321513K [0x00000000e0000000, 0x00000000f9d80000, 0x0000000100000000)
  eden space 300032K, 100% used [0x00000000e0000000,0x00000000f2500000,0x00000000f2500000)
  from space 21504K, 99% used [0x00000000f2500000,0x00000000f39fa488,0x00000000f3a00000)
  to   space 24576K, 0% used [0x00000000f8580000,0x00000000f8580000,0x00000000f9d80000)
 ParOldGen       total 189952K, used 37121K [0x00000000a0000000, 0x00000000ab980000, 0x00000000e0000000)
  object space 189952K, 19% used [0x00000000a0000000,0x00000000a2440640,0x00000000ab980000)
 Metaspace       used 66034K, capacity 68624K, committed 68824K, reserved 1107968K
  class space    used 8695K, capacity 9375K, committed 9472K, reserved 1048576K
Event: 57.549 GC heap after
Heap after GC invocations=13 (full 3):
 PSYoungGen      total 387072K, used 24560K [0x00000000e0000000, 0x00000000fa500000, 0x0000000100000000)
  eden space 362496K, 0% used [0x00000000e0000000,0x00000000e0000000,0x00000000f6200000)
  from space 24576K, 99% used [0x00000000f8580000,0x00000000f9d7c148,0x00000000f9d80000)
  to   space 34304K, 0% used [0x00000000f6200000,0x00000000f6200000,0x00000000f8380000)
 ParOldGen       total 189952K, used 55353K [0x00000000a0000000, 0x00000000ab980000, 0x00000000e0000000)
  object space 189952K, 29% used [0x00000000a0000000,0x00000000a360e700,0x00000000ab980000)
 Metaspace       used 66034K, capacity 68624K, committed 68824K, reserved 1107968K
  class space    used 8695K, capacity 9375K, committed 9472K, reserved 1048576K
}

