# JRE version: OpenJDK Runtime Environment (8.0_152-b02) (build 1.8.0_152-release-1024-b02)
# Java VM: OpenJDK 64-Bit Server VM (25.152-b02 mixed mode windows-amd64 compressed oops)
Heap:
 PSYoungGen      total 439296K, used 112262K [0x00000000e0000000, 0x0000000100000000, 0x0000000100000000)
  eden space 410624K, 24% used [0x00000000e0000000,0x00000000e630a058,0x00000000f9100000)
  from space 28672K, 37% used [0x00000000f9100000,0x00000000f9b97950,0x00000000fad00000)
  to   space 27648K, 0% used [0x00000000fe500000,0x00000000fe500000,0x0000000100000000)
 ParOldGen       total 192000K, used 53740K [0x00000000a0000000, 0x00000000abb80000, 0x00000000e0000000)
  object space 192000K, 27% used [0x00000000a0000000,0x00000000a347b040,0x00000000abb80000)
 Metaspace       used 69328K, capacity 72124K, committed 72280K, reserved 1112064K
  class space    used 9164K, capacity 9813K, committed 9816K, reserved 1048576K
GC Heap History (10 events):
Event: 19.954 GC heap before
{Heap before GC invocations=10 (full 2):
 PSYoungGen      total 206336K, used 206318K [0x00000000e0000000, 0x00000000f5c80000, 0x0000000100000000)
  eden space 189440K, 100% used [0x00000000e0000000,0x00000000eb900000,0x00000000eb900000)
  from space 16896K, 99% used [0x00000000eb900000,0x00000000ec97bbe8,0x00000000ec980000)
  to   space 24064K, 0% used [0x00000000f4500000,0x00000000f4500000,0x00000000f5c80000)
 ParOldGen       total 133632K, used 30218K [0x00000000a0000000, 0x00000000a8280000, 0x00000000e0000000)
  object space 133632K, 22% used [0x00000000a0000000,0x00000000a1d829b8,0x00000000a8280000)
 Metaspace       used 55959K, capacity 57868K, committed 58200K, reserved 1099776K
  class space    used 7682K, capacity 8199K, committed 8280K, reserved 1048576K
Event: 19.981 GC heap after
Heap after GC invocations=10 (full 2):
 PSYoungGen      total 323584K, used 24062K [0x00000000e0000000, 0x00000000f5d80000, 0x0000000100000000)
  eden space 299520K, 0% used [0x00000000e0000000,0x00000000e0000000,0x00000000f2480000)
  from space 24064K, 99% used [0x00000000f4500000,0x00000000f5c7fbf8,0x00000000f5c80000)
  to   space 29184K, 0% used [0x00000000f2480000,0x00000000f2480000,0x00000000f4100000)
 ParOldGen       total 133632K, used 33916K [0x00000000a0000000, 0x00000000a8280000, 0x00000000e0000000)
  object space 133632K, 25% used [0x00000000a0000000,0x00000000a211f250,0x00000000a8280000)
 Metaspace       used 55959K, capacity 57868K, committed 58200K, reserved 1099776K
  class space    used 7682K, capacity 8199K, committed 8280K, reserved 1048576K
}
Event: 20.282 GC heap before
{Heap before GC invocations=11 (full 2):
 PSYoungGen      total 323584K, used 41588K [0x00000000e0000000, 0x00000000f5d80000, 0x0000000100000000)
  eden space 299520K, 5% used [0x00000000e0000000,0x00000000e111d4c8,0x00000000f2480000)
  from space 24064K, 99% used [0x00000000f4500000,0x00000000f5c7fbf8,0x00000000f5c80000)
  to   space 29184K, 0% used [0x00000000f2480000,0x00000000f2480000,0x00000000f4100000)
 ParOldGen       total 133632K, used 33916K [0x00000000a0000000, 0x00000000a8280000, 0x00000000e0000000)
  object space 133632K, 25% used [0x00000000a0000000,0x00000000a211f250,0x00000000a8280000)
 Metaspace       used 56850K, capacity 58988K, committed 59028K, reserved 1099776K
  class space    used 7802K, capacity 8387K, committed 8408K, reserved 1048576K
Event: 20.303 GC heap after
Heap after GC invocations=11 (full 2):
 PSYoungGen      total 328704K, used 18220K [0x00000000e0000000, 0x00000000fdb80000, 0x0000000100000000)
  eden space 299520K, 0% used [0x00000000e0000000,0x00000000e0000000,0x00000000f2480000)
  from space 29184K, 62% used [0x00000000f2480000,0x00000000f364b2c8,0x00000000f4100000)
  to   space 29184K, 0% used [0x00000000fbf00000,0x00000000fbf00000,0x00000000fdb80000)
 ParOldGen       total 133632K, used 40802K [0x00000000a0000000, 0x00000000a8280000, 0x00000000e0000000)
  object space 133632K, 30% used [0x00000000a0000000,0x00000000a27d8be8,0x00000000a8280000)
 Metaspace       used 56850K, capacity 58988K, committed 59028K, reserved 1099776K
  class space    used 7802K, capacity 8387K, committed 8408K, reserved 1048576K
}
Event: 20.303 GC heap before
{Heap before GC invocations=12 (full 3):
 PSYoungGen      total 328704K, used 18220K [0x00000000e0000000, 0x00000000fdb80000, 0x0000000100000000)
  eden space 299520K, 0% used [0x00000000e0000000,0x00000000e0000000,0x00000000f2480000)
  from space 29184K, 62% used [0x00000000f2480000,0x00000000f364b2c8,0x00000000f4100000)
  to   space 29184K, 0% used [0x00000000fbf00000,0x00000000fbf00000,0x00000000fdb80000)
 ParOldGen       total 133632K, used 40802K [0x00000000a0000000, 0x00000000a8280000, 0x00000000e0000000)
  object space 133632K, 30% used [0x00000000a0000000,0x00000000a27d8be8,0x00000000a8280000)
 Metaspace       used 56850K, capacity 58988K, committed 59028K, reserved 1099776K
  class space    used 7802K, capacity 8387K, committed 8408K, reserved 1048576K
Event: 20.509 GC heap after
Heap after GC invocations=12 (full 3):
 PSYoungGen      total 328704K, used 0K [0x00000000e0000000, 0x00000000fdb80000, 0x0000000100000000)
  eden space 299520K, 0% used [0x00000000e0000000,0x00000000e0000000,0x00000000f2480000)
  from space 29184K, 0% used [0x00000000f2480000,0x00000000f2480000,0x00000000f4100000)
  to   space 29184K, 0% used [0x00000000fbf00000,0x00000000fbf00000,0x00000000fdb80000)
 ParOldGen       total 192000K, used 50867K [0x00000000a0000000, 0x00000000abb80000, 0x00000000e0000000)
  object space 192000K, 26% used [0x00000000a0000000,0x00000000a31acf20,0x00000000abb80000)
 Metaspace       used 56850K, capacity 58988K, committed 59028K, reserved 1099776K
  class space    used 7802K, capacity 8387K, committed 8408K, reserved 1048576K
}
Event: 70.754 GC heap before
{Heap before GC invocations=13 (full 3):
 PSYoungGen      total 328704K, used 299520K [0x00000000e0000000, 0x00000000fdb80000, 0x0000000100000000)
  eden space 299520K, 100% used [0x00000000e0000000,0x00000000f2480000,0x00000000f2480000)
  from space 29184K, 0% used [0x00000000f2480000,0x00000000f2480000,0x00000000f4100000)
  to   space 29184K, 0% used [0x00000000fbf00000,0x00000000fbf00000,0x00000000fdb80000)
 ParOldGen       total 192000K, used 50867K [0x00000000a0000000, 0x00000000abb80000, 0x00000000e0000000)
  object space 192000K, 26% used [0x00000000a0000000,0x00000000a31acf20,0x00000000abb80000)
 Metaspace       used 62796K, capacity 65332K, committed 65368K, reserved 1105920K
  class space    used 8385K, capacity 9037K, committed 9048K, reserved 1048576K
Event: 70.765 GC heap after
Heap after GC invocations=13 (full 3):
 PSYoungGen      total 416768K, used 10131K [0x00000000e0000000, 0x00000000fc900000, 0x0000000100000000)
  eden space 406528K, 0% used [0x00000000e0000000,0x00000000e0000000,0x00000000f8d00000)
  from space 10240K, 98% used [0x00000000fbf00000,0x00000000fc8e4f90,0x00000000fc900000)
  to   space 28672K, 0% used [0x00000000f9100000,0x00000000f9100000,0x00000000fad00000)
 ParOldGen       total 192000K, used 50875K [0x00000000a0000000, 0x00000000abb80000, 0x00000000e0000000)
  object space 192000K, 26% used [0x00000000a0000000,0x00000000a31aef20,0x00000000abb80000)
 Metaspace       used 62796K, capacity 65332K, committed 65368K, reserved 1105920K
  class space    used 8385K, capacity 9037K, committed 9048K, reserved 1048576K
}
Event: 123.236 GC heap before
{Heap before GC invocations=14 (full 3):
 PSYoungGen      total 416768K, used 416659K [0x00000000e0000000, 0x00000000fc900000, 0x0000000100000000)
  eden space 406528K, 100% used [0x00000000e0000000,0x00000000f8d00000,0x00000000f8d00000)
  from space 10240K, 98% used [0x00000000fbf00000,0x00000000fc8e4f90,0x00000000fc900000)
  to   space 28672K, 0% used [0x00000000f9100000,0x00000000f9100000,0x00000000fad00000)
 ParOldGen       total 192000K, used 50875K [0x00000000a0000000, 0x00000000abb80000, 0x00000000e0000000)
  object space 192000K, 26% used [0x00000000a0000000,0x00000000a31aef20,0x00000000abb80000)
 Metaspace       used 64450K, capacity 67278K, committed 67416K, reserved 1107968K
  class space    used 8556K, capacity 9226K, committed 9304K, reserved 1048576K
Event: 123.249 GC heap after
Heap after GC invocations=14 (full 3):
 PSYoungGen      total 439296K, used 10846K [0x00000000e0000000, 0x0000000100000000, 0x0000000100000000)
  eden space 410624K, 0% used [0x00000000e0000000,0x00000000e0000000,0x00000000f9100000)
  from space 28672K, 37% used [0x00000000f9100000,0x00000000f9b97950,0x00000000fad00000)
  to   space 27648K, 0% used [0x00000000fe500000,0x00000000fe500000,0x0000000100000000)
 ParOldGen       total 192000K, used 53740K [0x00000000a0000000, 0x00000000abb80000, 0x00000000e0000000)
  object space 192000K, 27% used [0x00000000a0000000,0x00000000a347b040,0x00000000abb80000)
 Metaspace       used 64450K, capacity 67278K, committed 67416K, reserved 1107968K
  class space    used 8556K, capacity 9226K, committed 9304K, reserved 1048576K
}

