# JRE version: OpenJDK Runtime Environment (8.0_152-b02) (build 1.8.0_152-release-1024-b02)
# Java VM: OpenJDK 64-Bit Server VM (25.152-b02 mixed mode windows-amd64 compressed oops)
Heap:
 PSYoungGen      total 493568K, used 91486K [0x00000000e0000000, 0x00000000fff80000, 0x0000000100000000)
  eden space 464384K, 18% used [0x00000000e0000000,0x00000000e54e8770,0x00000000fc580000)
  from space 29184K, 15% used [0x00000000fe300000,0x00000000fe76f2b8,0x00000000fff80000)
  to   space 29696K, 0% used [0x00000000fc580000,0x00000000fc580000,0x00000000fe280000)
 ParOldGen       total 187904K, used 65026K [0x00000000a0000000, 0x00000000ab780000, 0x00000000e0000000)
  object space 187904K, 34% used [0x00000000a0000000,0x00000000a3f80ae8,0x00000000ab780000)
 Metaspace       used 89003K, capacity 93332K, committed 93656K, reserved 1130496K
  class space    used 11281K, capacity 12176K, committed 12288K, reserved 1048576K
GC Heap History (10 events):
Event: 210.051 GC heap before
{Heap before GC invocations=17 (full 3):
 PSYoungGen      total 467968K, used 467755K [0x00000000e0000000, 0x0000000100000000, 0x0000000100000000)
  eden space 462848K, 100% used [0x00000000e0000000,0x00000000fc400000,0x00000000fc400000)
  from space 5120K, 95% used [0x00000000fc400000,0x00000000fc8caec0,0x00000000fc900000)
  to   space 31232K, 0% used [0x00000000fe180000,0x00000000fe180000,0x0000000100000000)
 ParOldGen       total 187904K, used 64986K [0x00000000a0000000, 0x00000000ab780000, 0x00000000e0000000)
  object space 187904K, 34% used [0x00000000a0000000,0x00000000a3f76ae8,0x00000000ab780000)
 Metaspace       used 87906K, capacity 92066K, committed 92248K, reserved 1130496K
  class space    used 11195K, capacity 12087K, committed 12160K, reserved 1048576K
Event: 210.080 GC heap after
Heap after GC invocations=17 (full 3):
 PSYoungGen      total 493056K, used 7661K [0x00000000e0000000, 0x0000000100000000, 0x0000000100000000)
  eden space 461824K, 0% used [0x00000000e0000000,0x00000000e0000000,0x00000000fc300000)
  from space 31232K, 24% used [0x00000000fe180000,0x00000000fe8fb518,0x0000000100000000)
  to   space 31232K, 0% used [0x00000000fc300000,0x00000000fc300000,0x00000000fe180000)
 ParOldGen       total 187904K, used 64994K [0x00000000a0000000, 0x00000000ab780000, 0x00000000e0000000)
  object space 187904K, 34% used [0x00000000a0000000,0x00000000a3f78ae8,0x00000000ab780000)
 Metaspace       used 87906K, capacity 92066K, committed 92248K, reserved 1130496K
  class space    used 11195K, capacity 12087K, committed 12160K, reserved 1048576K
}
Event: 211.186 GC heap before
{Heap before GC invocations=18 (full 3):
 PSYoungGen      total 493056K, used 469485K [0x00000000e0000000, 0x0000000100000000, 0x0000000100000000)
  eden space 461824K, 100% used [0x00000000e0000000,0x00000000fc300000,0x00000000fc300000)
  from space 31232K, 24% used [0x00000000fe180000,0x00000000fe8fb518,0x0000000100000000)
  to   space 31232K, 0% used [0x00000000fc300000,0x00000000fc300000,0x00000000fe180000)
 ParOldGen       total 187904K, used 64994K [0x00000000a0000000, 0x00000000ab780000, 0x00000000e0000000)
  object space 187904K, 34% used [0x00000000a0000000,0x00000000a3f78ae8,0x00000000ab780000)
 Metaspace       used 87967K, capacity 92198K, committed 92504K, reserved 1130496K
  class space    used 11195K, capacity 12087K, committed 12160K, reserved 1048576K
Event: 211.196 GC heap after
Heap after GC invocations=18 (full 3):
 PSYoungGen      total 493056K, used 3807K [0x00000000e0000000, 0x0000000100000000, 0x0000000100000000)
  eden space 461824K, 0% used [0x00000000e0000000,0x00000000e0000000,0x00000000fc300000)
  from space 31232K, 12% used [0x00000000fc300000,0x00000000fc6b7d00,0x00000000fe180000)
  to   space 31232K, 0% used [0x00000000fe180000,0x00000000fe180000,0x0000000100000000)
 ParOldGen       total 187904K, used 65002K [0x00000000a0000000, 0x00000000ab780000, 0x00000000e0000000)
  object space 187904K, 34% used [0x00000000a0000000,0x00000000a3f7aae8,0x00000000ab780000)
 Metaspace       used 87967K, capacity 92198K, committed 92504K, reserved 1130496K
  class space    used 11195K, capacity 12087K, committed 12160K, reserved 1048576K
}
Event: 212.154 GC heap before
{Heap before GC invocations=19 (full 3):
 PSYoungGen      total 493056K, used 465631K [0x00000000e0000000, 0x0000000100000000, 0x0000000100000000)
  eden space 461824K, 100% used [0x00000000e0000000,0x00000000fc300000,0x00000000fc300000)
  from space 31232K, 12% used [0x00000000fc300000,0x00000000fc6b7d00,0x00000000fe180000)
  to   space 31232K, 0% used [0x00000000fe180000,0x00000000fe180000,0x0000000100000000)
 ParOldGen       total 187904K, used 65002K [0x00000000a0000000, 0x00000000ab780000, 0x00000000e0000000)
  object space 187904K, 34% used [0x00000000a0000000,0x00000000a3f7aae8,0x00000000ab780000)
 Metaspace       used 88015K, capacity 92198K, committed 92504K, reserved 1130496K
  class space    used 11195K, capacity 12087K, committed 12160K, reserved 1048576K
Event: 212.196 GC heap after
Heap after GC invocations=19 (full 3):
 PSYoungGen      total 491008K, used 9996K [0x00000000e0000000, 0x00000000ffe00000, 0x0000000100000000)
  eden space 461824K, 0% used [0x00000000e0000000,0x00000000e0000000,0x00000000fc300000)
  from space 29184K, 34% used [0x00000000fe180000,0x00000000feb43130,0x00000000ffe00000)
  to   space 30208K, 0% used [0x00000000fc300000,0x00000000fc300000,0x00000000fe080000)
 ParOldGen       total 187904K, used 65010K [0x00000000a0000000, 0x00000000ab780000, 0x00000000e0000000)
  object space 187904K, 34% used [0x00000000a0000000,0x00000000a3f7cae8,0x00000000ab780000)
 Metaspace       used 88015K, capacity 92198K, committed 92504K, reserved 1130496K
  class space    used 11195K, capacity 12087K, committed 12160K, reserved 1048576K
}
Event: 213.355 GC heap before
{Heap before GC invocations=20 (full 3):
 PSYoungGen      total 491008K, used 471820K [0x00000000e0000000, 0x00000000ffe00000, 0x0000000100000000)
  eden space 461824K, 100% used [0x00000000e0000000,0x00000000fc300000,0x00000000fc300000)
  from space 29184K, 34% used [0x00000000fe180000,0x00000000feb43130,0x00000000ffe00000)
  to   space 30208K, 0% used [0x00000000fc300000,0x00000000fc300000,0x00000000fe080000)
 ParOldGen       total 187904K, used 65010K [0x00000000a0000000, 0x00000000ab780000, 0x00000000e0000000)
  object space 187904K, 34% used [0x00000000a0000000,0x00000000a3f7cae8,0x00000000ab780000)
 Metaspace       used 88143K, capacity 92346K, committed 92504K, reserved 1130496K
  class space    used 11203K, capacity 12091K, committed 12160K, reserved 1048576K
Event: 213.364 GC heap after
Heap after GC invocations=20 (full 3):
 PSYoungGen      total 492032K, used 4953K [0x00000000e0000000, 0x0000000100000000, 0x0000000100000000)
  eden space 461824K, 0% used [0x00000000e0000000,0x00000000e0000000,0x00000000fc300000)
  from space 30208K, 16% used [0x00000000fc300000,0x00000000fc7d6770,0x00000000fe080000)
  to   space 29696K, 0% used [0x00000000fe300000,0x00000000fe300000,0x0000000100000000)
 ParOldGen       total 187904K, used 65018K [0x00000000a0000000, 0x00000000ab780000, 0x00000000e0000000)
  object space 187904K, 34% used [0x00000000a0000000,0x00000000a3f7eae8,0x00000000ab780000)
 Metaspace       used 88143K, capacity 92346K, committed 92504K, reserved 1130496K
  class space    used 11203K, capacity 12091K, committed 12160K, reserved 1048576K
}
Event: 219.117 GC heap before
{Heap before GC invocations=21 (full 3):
 PSYoungGen      total 492032K, used 466777K [0x00000000e0000000, 0x0000000100000000, 0x0000000100000000)
  eden space 461824K, 100% used [0x00000000e0000000,0x00000000fc300000,0x00000000fc300000)
  from space 30208K, 16% used [0x00000000fc300000,0x00000000fc7d6770,0x00000000fe080000)
  to   space 29696K, 0% used [0x00000000fe300000,0x00000000fe300000,0x0000000100000000)
 ParOldGen       total 187904K, used 65018K [0x00000000a0000000, 0x00000000ab780000, 0x00000000e0000000)
  object space 187904K, 34% used [0x00000000a0000000,0x00000000a3f7eae8,0x00000000ab780000)
 Metaspace       used 88911K, capacity 93204K, committed 93272K, reserved 1130496K
  class space    used 11268K, capacity 12160K, committed 12160K, reserved 1048576K
Event: 219.131 GC heap after
Heap after GC invocations=21 (full 3):
 PSYoungGen      total 493568K, used 4540K [0x00000000e0000000, 0x00000000fff80000, 0x0000000100000000)
  eden space 464384K, 0% used [0x00000000e0000000,0x00000000e0000000,0x00000000fc580000)
  from space 29184K, 15% used [0x00000000fe300000,0x00000000fe76f2b8,0x00000000fff80000)
  to   space 29696K, 0% used [0x00000000fc580000,0x00000000fc580000,0x00000000fe280000)
 ParOldGen       total 187904K, used 65026K [0x00000000a0000000, 0x00000000ab780000, 0x00000000e0000000)
  object space 187904K, 34% used [0x00000000a0000000,0x00000000a3f80ae8,0x00000000ab780000)
 Metaspace       used 88911K, capacity 93204K, committed 93272K, reserved 1130496K
  class space    used 11268K, capacity 12160K, committed 12160K, reserved 1048576K
}

