# JRE version: OpenJDK Runtime Environment (8.0_152-b02) (build 1.8.0_152-release-1024-b02)
# Java VM: OpenJDK 64-Bit Server VM (25.152-b02 mixed mode windows-amd64 compressed oops)
Heap:
 PSYoungGen      total 494080K, used 192175K [0x00000000e0000000, 0x00000000fff00000, 0x0000000100000000)
  eden space 465920K, 37% used [0x00000000e0000000,0x00000000eaa23330,0x00000000fc700000)
  from space 28160K, 63% used [0x00000000fe380000,0x00000000ff508b50,0x00000000fff00000)
  to   space 28672K, 0% used [0x00000000fc700000,0x00000000fc700000,0x00000000fe300000)
 ParOldGen       total 211456K, used 49812K [0x00000000a0000000, 0x00000000ace80000, 0x00000000e0000000)
  object space 211456K, 23% used [0x00000000a0000000,0x00000000a30a5330,0x00000000ace80000)
 Metaspace       used 85661K, capacity 89578K, committed 89728K, reserved 1126400K
  class space    used 11041K, capacity 11848K, committed 11904K, reserved 1048576K
GC Heap History (10 events):
Event: 27.324 GC heap before
{Heap before GC invocations=11 (full 3):
 PSYoungGen      total 364544K, used 340992K [0x00000000e0000000, 0x0000000100000000, 0x0000000100000000)
  eden space 340992K, 100% used [0x00000000e0000000,0x00000000f4d00000,0x00000000f4d00000)
  from space 23552K, 0% used [0x00000000f4d00000,0x00000000f4d00000,0x00000000f6400000)
  to   space 26624K, 0% used [0x00000000fe600000,0x00000000fe600000,0x0000000100000000)
 ParOldGen       total 211456K, used 38261K [0x00000000a0000000, 0x00000000ace80000, 0x00000000e0000000)
  object space 211456K, 18% used [0x00000000a0000000,0x00000000a255d538,0x00000000ace80000)
 Metaspace       used 65783K, capacity 68246K, committed 68352K, reserved 1107968K
  class space    used 8757K, capacity 9374K, committed 9472K, reserved 1048576K
Event: 27.394 GC heap after
Heap after GC invocations=11 (full 3):
 PSYoungGen      total 495616K, used 20320K [0x00000000e0000000, 0x0000000100000000, 0x0000000100000000)
  eden space 468992K, 0% used [0x00000000e0000000,0x00000000e0000000,0x00000000fca00000)
  from space 26624K, 76% used [0x00000000fe600000,0x00000000ff9d80e8,0x0000000100000000)
  to   space 27648K, 0% used [0x00000000fca00000,0x00000000fca00000,0x00000000fe500000)
 ParOldGen       total 211456K, used 38261K [0x00000000a0000000, 0x00000000ace80000, 0x00000000e0000000)
  object space 211456K, 18% used [0x00000000a0000000,0x00000000a255d538,0x00000000ace80000)
 Metaspace       used 65783K, capacity 68246K, committed 68352K, reserved 1107968K
  class space    used 8757K, capacity 9374K, committed 9472K, reserved 1048576K
}
Event: 856.371 GC heap before
{Heap before GC invocations=12 (full 3):
 PSYoungGen      total 495616K, used 488578K [0x00000000e0000000, 0x0000000100000000, 0x0000000100000000)
  eden space 468992K, 99% used [0x00000000e0000000,0x00000000fc9488f8,0x00000000fca00000)
  from space 26624K, 76% used [0x00000000fe600000,0x00000000ff9d80e8,0x0000000100000000)
  to   space 27648K, 0% used [0x00000000fca00000,0x00000000fca00000,0x00000000fe500000)
 ParOldGen       total 211456K, used 38261K [0x00000000a0000000, 0x00000000ace80000, 0x00000000e0000000)
  object space 211456K, 18% used [0x00000000a0000000,0x00000000a255d538,0x00000000ace80000)
 Metaspace       used 68821K, capacity 71784K, committed 72064K, reserved 1112064K
  class space    used 9073K, capacity 9749K, committed 9856K, reserved 1048576K
Event: 856.391 GC heap after
Heap after GC invocations=12 (full 3):
 PSYoungGen      total 491520K, used 22363K [0x00000000e0000000, 0x0000000100000000, 0x0000000100000000)
  eden space 468992K, 0% used [0x00000000e0000000,0x00000000e0000000,0x00000000fca00000)
  from space 22528K, 99% used [0x00000000fca00000,0x00000000fdfd6f40,0x00000000fe000000)
  to   space 29184K, 0% used [0x00000000fe380000,0x00000000fe380000,0x0000000100000000)
 ParOldGen       total 211456K, used 38269K [0x00000000a0000000, 0x00000000ace80000, 0x00000000e0000000)
  object space 211456K, 18% used [0x00000000a0000000,0x00000000a255f538,0x00000000ace80000)
 Metaspace       used 68821K, capacity 71784K, committed 72064K, reserved 1112064K
  class space    used 9073K, capacity 9749K, committed 9856K, reserved 1048576K
}
Event: 862.223 GC heap before
{Heap before GC invocations=13 (full 3):
 PSYoungGen      total 491520K, used 490767K [0x00000000e0000000, 0x0000000100000000, 0x0000000100000000)
  eden space 468992K, 99% used [0x00000000e0000000,0x00000000fc96ce80,0x00000000fca00000)
  from space 22528K, 99% used [0x00000000fca00000,0x00000000fdfd6f40,0x00000000fe000000)
  to   space 29184K, 0% used [0x00000000fe380000,0x00000000fe380000,0x0000000100000000)
 ParOldGen       total 211456K, used 38269K [0x00000000a0000000, 0x00000000ace80000, 0x00000000e0000000)
  object space 211456K, 18% used [0x00000000a0000000,0x00000000a255f538,0x00000000ace80000)
 Metaspace       used 78263K, capacity 81972K, committed 82304K, reserved 1120256K
  class space    used 10284K, capacity 11053K, committed 11136K, reserved 1048576K
Event: 862.246 GC heap after
Heap after GC invocations=13 (full 3):
 PSYoungGen      total 495104K, used 19826K [0x00000000e0000000, 0x0000000100000000, 0x0000000100000000)
  eden space 465920K, 0% used [0x00000000e0000000,0x00000000e0000000,0x00000000fc700000)
  from space 29184K, 67% used [0x00000000fe380000,0x00000000ff6dcba0,0x0000000100000000)
  to   space 29184K, 0% used [0x00000000fc700000,0x00000000fc700000,0x00000000fe380000)
 ParOldGen       total 211456K, used 49796K [0x00000000a0000000, 0x00000000ace80000, 0x00000000e0000000)
  object space 211456K, 23% used [0x00000000a0000000,0x00000000a30a1330,0x00000000ace80000)
 Metaspace       used 78263K, capacity 81972K, committed 82304K, reserved 1120256K
  class space    used 10284K, capacity 11053K, committed 11136K, reserved 1048576K
}
Event: 1258.728 GC heap before
{Heap before GC invocations=14 (full 3):
 PSYoungGen      total 495104K, used 485678K [0x00000000e0000000, 0x0000000100000000, 0x0000000100000000)
  eden space 465920K, 99% used [0x00000000e0000000,0x00000000fc6eed50,0x00000000fc700000)
  from space 29184K, 67% used [0x00000000fe380000,0x00000000ff6dcba0,0x0000000100000000)
  to   space 29184K, 0% used [0x00000000fc700000,0x00000000fc700000,0x00000000fe380000)
 ParOldGen       total 211456K, used 49796K [0x00000000a0000000, 0x00000000ace80000, 0x00000000e0000000)
  object space 211456K, 23% used [0x00000000a0000000,0x00000000a30a1330,0x00000000ace80000)
 Metaspace       used 78690K, capacity 82524K, committed 82560K, reserved 1120256K
  class space    used 10304K, capacity 11103K, committed 11136K, reserved 1048576K
Event: 1258.994 GC heap after
Heap after GC invocations=14 (full 3):
 PSYoungGen      total 495104K, used 8773K [0x00000000e0000000, 0x0000000100000000, 0x0000000100000000)
  eden space 465920K, 0% used [0x00000000e0000000,0x00000000e0000000,0x00000000fc700000)
  from space 29184K, 30% used [0x00000000fc700000,0x00000000fcf91758,0x00000000fe380000)
  to   space 29184K, 0% used [0x00000000fe380000,0x00000000fe380000,0x0000000100000000)
 ParOldGen       total 211456K, used 49804K [0x00000000a0000000, 0x00000000ace80000, 0x00000000e0000000)
  object space 211456K, 23% used [0x00000000a0000000,0x00000000a30a3330,0x00000000ace80000)
 Metaspace       used 78690K, capacity 82524K, committed 82560K, reserved 1120256K
  class space    used 10304K, capacity 11103K, committed 11136K, reserved 1048576K
}
Event: 1263.005 GC heap before
{Heap before GC invocations=15 (full 3):
 PSYoungGen      total 495104K, used 474650K [0x00000000e0000000, 0x0000000100000000, 0x0000000100000000)
  eden space 465920K, 99% used [0x00000000e0000000,0x00000000fc6f5190,0x00000000fc700000)
  from space 29184K, 30% used [0x00000000fc700000,0x00000000fcf91758,0x00000000fe380000)
  to   space 29184K, 0% used [0x00000000fe380000,0x00000000fe380000,0x0000000100000000)
 ParOldGen       total 211456K, used 49804K [0x00000000a0000000, 0x00000000ace80000, 0x00000000e0000000)
  object space 211456K, 23% used [0x00000000a0000000,0x00000000a30a3330,0x00000000ace80000)
 Metaspace       used 85051K, capacity 88920K, committed 89216K, reserved 1126400K
  class space    used 11017K, capacity 11831K, committed 11904K, reserved 1048576K
Event: 1263.019 GC heap after
Heap after GC invocations=15 (full 3):
 PSYoungGen      total 494080K, used 17954K [0x00000000e0000000, 0x00000000fff00000, 0x0000000100000000)
  eden space 465920K, 0% used [0x00000000e0000000,0x00000000e0000000,0x00000000fc700000)
  from space 28160K, 63% used [0x00000000fe380000,0x00000000ff508b50,0x00000000fff00000)
  to   space 28672K, 0% used [0x00000000fc700000,0x00000000fc700000,0x00000000fe300000)
 ParOldGen       total 211456K, used 49812K [0x00000000a0000000, 0x00000000ace80000, 0x00000000e0000000)
  object space 211456K, 23% used [0x00000000a0000000,0x00000000a30a5330,0x00000000ace80000)
 Metaspace       used 85051K, capacity 88920K, committed 89216K, reserved 1126400K
  class space    used 11017K, capacity 11831K, committed 11904K, reserved 1048576K
}

